<?xml version="1.0" encoding="UTF-8"?>
<testng-results skipped="0" failed="0" ignored="0" total="2" passed="2">
  <reporter-output>
  </reporter-output>
  <suite name="Default suite" duration-ms="47" started-at="2018-09-03T10:40:17Z" finished-at="2018-09-03T10:40:17Z">
    <groups>
    </groups>
    <test name="Default test" duration-ms="47" started-at="2018-09-03T10:40:17Z" finished-at="2018-09-03T10:40:17Z">
      <class name="MainController.Inspection">
        <test-method status="PASS" signature="addfunctionality()[pri:0, instance:MainController.Inspection@51565ec2]" name="addfunctionality" duration-ms="16" started-at="2018-09-03T10:40:17Z" finished-at="2018-09-03T10:40:17Z">
          <reporter-output>
          </reporter-output>
        </test-method> <!-- addfunctionality -->
        <test-method status="PASS" signature="addfunctionality2()[pri:0, instance:MainController.Inspection@51565ec2]" name="addfunctionality2" duration-ms="0" started-at="2018-09-03T10:40:17Z" finished-at="2018-09-03T10:40:17Z">
          <reporter-output>
          </reporter-output>
        </test-method> <!-- addfunctionality2 -->
      </class> <!-- MainController.Inspection -->
    </test> <!-- Default test -->
  </suite> <!-- Default suite -->
</testng-results>
